# JRE version: OpenJDK Runtime Environment (8.0_212-b03) (build 1.8.0_212-8u212-b03-0ubuntu1.16.04.1-b03)
# Java VM: OpenJDK 64-Bit Server VM (25.212-b03 mixed mode linux-amd64 compressed oops)
Heap:
 def new generation   total 1177920K, used 0K [0x0000000540000000, 0x000000058fe20000, 0x0000000615550000)
  eden space 1047040K,   0% used [0x0000000540000000, 0x0000000540000000, 0x000000057fe80000)
  from space 130880K,   0% used [0x0000000587e50000, 0x0000000587e50000, 0x000000058fe20000)
  to   space 130880K,   0% used [0x000000057fe80000, 0x000000057fe80000, 0x0000000587e50000)
 tenured generation   total 2997360K, used 2962154K [0x0000000615550000, 0x00000006cc46c000, 0x00000007c0000000)
   the space 2997360K,  98% used [0x0000000615550000, 0x00000006ca20a888, 0x00000006ca20aa00, 0x00000006cc46c000)
 Metaspace       used 126447K, capacity 139680K, committed 139736K, reserved 1171456K
  class space    used 15750K, capacity 18425K, committed 18432K, reserved 1048576K
GC Heap History (10 events):
Event: 89279.639 GC heap after
Heap after GC invocations=8964 (full 10):
 def new generation   total 828288K, used 5696K [0x0000000540000000, 0x00000005782c0000, 0x0000000615550000)
  eden space 736256K,   0% used [0x0000000540000000, 0x0000000540000000, 0x000000056cf00000)
  from space 92032K,   6% used [0x000000056cf00000, 0x000000056d4901e0, 0x00000005728e0000)
  to   space 92032K,   0% used [0x00000005728e0000, 0x00000005728e0000, 0x00000005782c0000)
 tenured generation   total 1840376K, used 1805639K [0x0000000615550000, 0x0000000685a8e000, 0x00000007c0000000)
   the space 1840376K,  98% used [0x0000000615550000, 0x00000006838a1fc0, 0x00000006838a2000, 0x0000000685a8e000)
 Metaspace       used 126104K, capacity 139276K, committed 139480K, reserved 1171456K
  class space    used 15689K, capacity 18349K, committed 18432K, reserved 1048576K
}
Event: 89281.816 GC heap before
{Heap before GC invocations=8964 (full 10):
 def new generation   total 828288K, used 741952K [0x0000000540000000, 0x00000005782c0000, 0x0000000615550000)
  eden space 736256K, 100% used [0x0000000540000000, 0x000000056cf00000, 0x000000056cf00000)
  from space 92032K,   6% used [0x000000056cf00000, 0x000000056d4901e0, 0x00000005728e0000)
  to   space 92032K,   0% used [0x00000005728e0000, 0x00000005728e0000, 0x00000005782c0000)
 tenured generation   total 1840376K, used 1805639K [0x0000000615550000, 0x0000000685a8e000, 0x00000007c0000000)
   the space 1840376K,  98% used [0x0000000615550000, 0x00000006838a1fc0, 0x00000006838a2000, 0x0000000685a8e000)
 Metaspace       used 126296K, capacity 139486K, committed 139736K, reserved 1171456K
  class space    used 15729K, capacity 18398K, committed 18432K, reserved 1048576K
Event: 89282.786 GC heap after
Heap after GC invocations=8965 (full 10):
 def new generation   total 828288K, used 92032K [0x0000000540000000, 0x00000005782c0000, 0x0000000615550000)
  eden space 736256K,   0% used [0x0000000540000000, 0x0000000540000000, 0x000000056cf00000)
  from space 92032K, 100% used [0x00000005728e0000, 0x00000005782c0000, 0x00000005782c0000)
  to   space 92032K,   0% used [0x000000056cf00000, 0x000000056cf00000, 0x00000005728e0000)
 tenured generation   total 1840376K, used 1824308K [0x0000000615550000, 0x0000000685a8e000, 0x00000007c0000000)
   the space 1840376K,  99% used [0x0000000615550000, 0x0000000684add0b8, 0x0000000684add200, 0x0000000685a8e000)
 Metaspace       used 126296K, capacity 139486K, committed 139736K, reserved 1171456K
  class space    used 15729K, capacity 18398K, committed 18432K, reserved 1048576K
}
Event: 89283.981 GC heap before
{Heap before GC invocations=8965 (full 10):
 def new generation   total 828288K, used 828288K [0x0000000540000000, 0x00000005782c0000, 0x0000000615550000)
  eden space 736256K, 100% used [0x0000000540000000, 0x000000056cf00000, 0x000000056cf00000)
  from space 92032K, 100% used [0x00000005728e0000, 0x00000005782c0000, 0x00000005782c0000)
  to   space 92032K,   0% used [0x000000056cf00000, 0x000000056cf00000, 0x00000005728e0000)
 tenured generation   total 1840376K, used 1824308K [0x0000000615550000, 0x0000000685a8e000, 0x00000007c0000000)
   the space 1840376K,  99% used [0x0000000615550000, 0x0000000684add0b8, 0x0000000684add200, 0x0000000685a8e000)
 Metaspace       used 126296K, capacity 139486K, committed 139736K, reserved 1171456K
  class space    used 15729K, capacity 18398K, committed 18432K, reserved 1048576K
Event: 89361.070 GC heap after
Heap after GC invocations=8966 (full 11):
 def new generation   total 1177920K, used 0K [0x0000000540000000, 0x000000058fe20000, 0x0000000615550000)
  eden space 1047040K,   0% used [0x0000000540000000, 0x0000000540000000, 0x000000057fe80000)
  from space 130880K,   0% used [0x000000057fe80000, 0x000000057fe80000, 0x0000000587e50000)
  to   space 130880K,   0% used [0x0000000587e50000, 0x0000000587e50000, 0x000000058fe20000)
 tenured generation   total 2617392K, used 1570433K [0x0000000615550000, 0x00000006b515c000, 0x00000007c0000000)
   the space 2617392K,  59% used [0x0000000615550000, 0x00000006752f0678, 0x00000006752f0800, 0x00000006b515c000)
 Metaspace       used 126296K, capacity 139486K, committed 139736K, reserved 1171456K
  class space    used 15729K, capacity 18398K, committed 18432K, reserved 1048576K
}
Event: 89384.894 GC heap before
{Heap before GC invocations=8966 (full 11):
 def new generation   total 1177920K, used 1047040K [0x0000000540000000, 0x000000058fe20000, 0x0000000615550000)
  eden space 1047040K, 100% used [0x0000000540000000, 0x000000057fe80000, 0x000000057fe80000)
  from space 130880K,   0% used [0x000000057fe80000, 0x000000057fe80000, 0x0000000587e50000)
  to   space 130880K,   0% used [0x0000000587e50000, 0x0000000587e50000, 0x000000058fe20000)
 tenured generation   total 2617392K, used 1570433K [0x0000000615550000, 0x00000006b515c000, 0x00000007c0000000)
   the space 2617392K,  59% used [0x0000000615550000, 0x00000006752f0678, 0x00000006752f0800, 0x00000006b515c000)
 Metaspace       used 126310K, capacity 139504K, committed 139736K, reserved 1171456K
  class space    used 15732K, capacity 18403K, committed 18432K, reserved 1048576K
Event: 89400.122 GC heap after
Heap after GC invocations=8967 (full 11):
 def new generation   total 1177920K, used 130880K [0x0000000540000000, 0x000000058fe20000, 0x0000000615550000)
  eden space 1047040K,   0% used [0x0000000540000000, 0x0000000540000000, 0x000000057fe80000)
  from space 130880K, 100% used [0x0000000587e50000, 0x000000058fe20000, 0x000000058fe20000)
  to   space 130880K,   0% used [0x000000057fe80000, 0x000000057fe80000, 0x0000000587e50000)
 tenured generation   total 2617392K, used 1942520K [0x0000000615550000, 0x00000006b515c000, 0x00000007c0000000)
   the space 2617392K,  74% used [0x0000000615550000, 0x000000068be4e2c8, 0x000000068be4e400, 0x00000006b515c000)
 Metaspace       used 126310K, capacity 139504K, committed 139736K, reserved 1171456K
  class space    used 15732K, capacity 18403K, committed 18432K, reserved 1048576K
}
Event: 89425.063 GC heap before
{Heap before GC invocations=8967 (full 11):
 def new generation   total 1177920K, used 1177920K [0x0000000540000000, 0x000000058fe20000, 0x0000000615550000)
  eden space 1047040K, 100% used [0x0000000540000000, 0x000000057fe80000, 0x000000057fe80000)
  from space 130880K, 100% used [0x0000000587e50000, 0x000000058fe20000, 0x000000058fe20000)
  to   space 130880K,   0% used [0x000000057fe80000, 0x000000057fe80000, 0x0000000587e50000)
 tenured generation   total 2617392K, used 1942520K [0x0000000615550000, 0x00000006b515c000, 0x00000007c0000000)
   the space 2617392K,  74% used [0x0000000615550000, 0x000000068be4e2c8, 0x000000068be4e400, 0x00000006b515c000)
 Metaspace       used 126329K, capacity 139534K, committed 139736K, reserved 1171456K
  class space    used 15735K, capacity 18408K, committed 18432K, reserved 1048576K
Event: 89447.344 GC heap after
Heap after GC invocations=8968 (full 11):
 def new generation   total 1177920K, used 130880K [0x0000000540000000, 0x000000058fe20000, 0x0000000615550000)
  eden space 1047040K,   0% used [0x0000000540000000, 0x0000000540000000, 0x000000057fe80000)
  from space 130880K, 100% used [0x000000057fe80000, 0x0000000587e50000, 0x0000000587e50000)
  to   space 130880K,   0% used [0x0000000587e50000, 0x0000000587e50000, 0x000000058fe20000)
 tenured generation   total 2617392K, used 2468365K [0x0000000615550000, 0x00000006b515c000, 0x00000007c0000000)
   the space 2617392K,  94% used [0x0000000615550000, 0x00000006abfd36e0, 0x00000006abfd3800, 0x00000006b515c000)
 Metaspace       used 126329K, capacity 139534K, committed 139736K, reserved 1171456K
  class space    used 15735K, capacity 18408K, committed 18432K, reserved 1048576K
}
Event: 89459.694 GC heap before
{Heap before GC invocations=8968 (full 11):
 def new generation   total 1177920K, used 1177920K [0x0000000540000000, 0x000000058fe20000, 0x0000000615550000)
  eden space 1047040K, 100% used [0x0000000540000000, 0x000000057fe80000, 0x000000057fe80000)
  from space 130880K, 100% used [0x000000057fe80000, 0x0000000587e50000, 0x0000000587e50000)
  to   space 130880K,   0% used [0x0000000587e50000, 0x0000000587e50000, 0x000000058fe20000)
 tenured generation   total 2617392K, used 2468365K [0x0000000615550000, 0x00000006b515c000, 0x00000007c0000000)
   the space 2617392K,  94% used [0x0000000615550000, 0x00000006abfd36e0, 0x00000006abfd3800, 0x00000006b515c000)
 Metaspace       used 126447K, capacity 139680K, committed 139736K, reserved 1171456K
  class space    used 15750K, capacity 18425K, committed 18432K, reserved 1048576K

